\BOOKMARK [1][-]{section.1}{\376\377\137\025\212\000}{}% 1
\BOOKMARK [1][-]{section.2}{\376\377\136\070\211\301\171\321\170\024\131\061\117\341\210\114\116\072\116\016\150\110\117\213\170\024\172\166}{}% 2
\BOOKMARK [2][-]{subsection.2.1}{\376\377\122\175\172\203\210\114\116\072\123\312\150\110\117\213\170\024\172\166}{section.2}% 3
\BOOKMARK [3][-]{subsubsection.2.1.1}{\376\377\122\175\172\203\210\114\116\072\133\232\116\111\116\016\210\150\163\260}{subsection.2.1}% 4
\BOOKMARK [3][-]{subsubsection.2.1.2}{\376\377\122\175\172\203\210\114\116\072\150\110\117\213\170\024\172\166}{subsection.2.1}% 5
\BOOKMARK [2][-]{subsection.2.2}{\376\377\117\052\220\040\210\114\116\072\123\312\150\110\117\213\170\024\172\166}{section.2}% 6
\BOOKMARK [3][-]{subsubsection.2.2.1}{\376\377\117\052\220\040\210\114\116\072\133\232\116\111\116\016\210\150\163\260}{subsection.2.2}% 7
\BOOKMARK [3][-]{subsubsection.2.2.2}{\376\377\117\052\220\040\210\114\116\072\150\110\117\213\170\024\172\166}{subsection.2.2}% 8
\BOOKMARK [2][-]{subsection.2.3}{\376\377\173\341\145\071\210\114\116\072\123\312\150\110\117\213\170\024\172\166}{section.2}% 9
\BOOKMARK [3][-]{subsubsection.2.3.1}{\376\377\173\341\145\071\210\114\116\072\133\232\116\111\116\016\210\150\163\260}{subsection.2.3}% 10
\BOOKMARK [3][-]{subsubsection.2.3.2}{\376\377\173\341\145\071\210\114\116\072\150\110\117\213\170\024\172\166}{subsection.2.3}% 11
\BOOKMARK [2][-]{subsection.2.4}{\376\377\116\015\137\123\177\162\124\015\210\114\116\072\123\312\150\110\117\213\170\024\172\166}{section.2}% 12
\BOOKMARK [3][-]{subsubsection.2.4.1}{\376\377\116\015\137\123\177\162\124\015\210\114\116\072\133\232\116\111\116\016\210\150\163\260}{subsection.2.4}% 13
\BOOKMARK [3][-]{subsubsection.2.4.2}{\376\377\116\015\137\123\177\162\124\015\210\114\116\072\150\110\117\213\170\024\172\166}{subsection.2.4}% 14
\BOOKMARK [2][-]{subsection.2.5}{\376\377\116\000\172\077\131\032\142\225\210\114\116\072\123\312\150\110\117\213\170\024\172\166}{section.2}% 15
\BOOKMARK [3][-]{subsubsection.2.5.1}{\376\377\116\000\172\077\131\032\142\225\210\114\116\072\133\232\116\111\116\016\210\150\163\260}{subsection.2.5}% 16
\BOOKMARK [3][-]{subsubsection.2.5.2}{\376\377\116\000\172\077\131\032\142\225\210\114\116\072\150\110\117\213\170\024\172\166}{subsection.2.5}% 17
\BOOKMARK [2][-]{subsection.2.6}{\376\377\221\315\131\015\123\321\210\150\210\114\116\072\123\312\150\110\117\213\170\024\172\166}{section.2}% 18
\BOOKMARK [3][-]{subsubsection.2.6.1}{\376\377\221\315\131\015\123\321\210\150\210\114\116\072\133\232\116\111\116\016\210\150\163\260}{subsection.2.6}% 19
\BOOKMARK [3][-]{subsubsection.2.6.2}{\376\377\221\315\131\015\123\321\210\150\210\114\116\072\150\110\117\213\170\024\172\166}{subsection.2.6}% 20
\BOOKMARK [2][-]{subsection.2.7}{\376\377\217\335\200\314\170\024\172\166\117\046\164\006\210\114\116\072\123\312\150\110\117\213\170\024\172\166}{section.2}% 21
\BOOKMARK [3][-]{subsubsection.2.7.1}{\376\377\217\335\200\314\170\024\172\166\117\046\164\006\210\114\116\072\133\232\116\111\116\016\210\150\163\260}{subsection.2.7}% 22
\BOOKMARK [3][-]{subsubsection.2.7.2}{\376\377\217\335\200\314\170\024\172\166\117\046\164\006\210\114\116\072\150\110\117\213\170\024\172\166}{subsection.2.7}% 23
\BOOKMARK [2][-]{subsection.2.8}{\376\377\121\166\116\326\166\204\171\321\170\024\116\015\172\357\210\114\116\072}{section.2}% 24
\BOOKMARK [1][-]{section.3}{\376\377\133\146\117\115\213\272\145\207\124\214\133\146\147\057\213\272\145\207\144\260\121\231\211\304\203\003}{}% 25
\BOOKMARK [2][-]{subsection.3.1}{\376\377\133\146\147\057\213\272\145\207\201\364\214\042\166\204\211\201\154\102}{section.3}% 26
\BOOKMARK [2][-]{subsection.3.2}{\376\377\133\146\147\057\137\025\145\207\211\304\203\003\137\025}{section.3}% 27
\BOOKMARK [3][-]{subsubsection.3.2.1}{\376\377\137\025\145\207\117\177\165\050\166\204\123\237\122\031}{subsection.3.2}% 28
\BOOKMARK [3][-]{subsubsection.3.2.2}{\376\377\133\146\147\057\213\272\145\207\121\231\117\134\137\025\165\050\126\376\162\107\123\237\122\031}{subsection.3.2}% 29
\BOOKMARK [3][-]{subsubsection.3.2.3}{\376\377\137\025\145\207\204\127\137\125\166\204\211\201\154\102}{subsection.3.2}% 30
\BOOKMARK [1][-]{section.4}{\376\377\176\323\213\272}{}% 31
